#
# There is insufficient memory for the Java Runtime Environment to continue.
# Native memory allocation (mmap) failed to map 390070272 bytes for G1 virtual space
# Possible reasons:
#   The system is out of physical RAM or swap space
#   The process is running with CompressedOops enabled, and the Java Heap may be blocking the growth of the native heap
# Possible solutions:
#   Reduce memory load on the system
#   Increase physical memory or swap space
#   Check if swap backing store is full
#   Decrease Java heap size (-Xmx/-Xms)
#   Decrease number of Java threads
#   Decrease Java thread stack sizes (-Xss)
#   Set larger code cache with -XX:ReservedCodeCacheSize=
#   JVM is running with Zero Based Compressed Oops mode in which the Java heap is
#     placed in the first 32GB address space. The Java Heap base address is the
#     maximum limit for the native heap growth. Please use -XX:HeapBaseMinAddress
#     to set the Java Heap base and to place the Java Heap above 32GB virtual address.
# This output file may be truncated or incomplete.
#
#  Out of Memory Error (os_windows.cpp:3600), pid=10032, tid=16288
#
# JRE version:  (21.0.3+7) (build )
# Java VM: Java HotSpot(TM) 64-Bit Server VM (21.0.3+7-LTS-152, mixed mode, sharing, tiered, compressed oops, compressed class ptrs, g1 gc, windows-amd64)
# No core dump will be written. Minidumps are not enabled by default on client versions of Windows
#

---------------  S U M M A R Y ------------

Command Line: -Dfile.encoding=UTF-8 -Dstdout.encoding=UTF-8 -Dstderr.encoding=UTF-8 --module-path=C:\Users\Lenovo\eclipse-workspace\LearnSamSung\bin -XX:+ShowCodeDetailsInExceptionMessages -Djdk.module.main=LearnSamSung LearnSamSung/src.Ex1

Host: AMD Ryzen 7 7840HS w/ Radeon 780M Graphics     , 16 cores, 23G,  Windows 11 , 64 bit Build 22621 (10.0.22621.4391)
Time: Sat Dec 14 20:53:07 2024 SE Asia Standard Time elapsed time: 0.012232 seconds (0d 0h 0m 0s)

---------------  T H R E A D  ---------------

Current thread (0x00000197a70ddb70):  JavaThread "Unknown thread" [_thread_in_vm, id=16288, stack(0x00000005b6a00000,0x00000005b6b00000) (1024K)]

Stack: [0x00000005b6a00000,0x00000005b6b00000]
Native frames: (J=compiled Java code, j=interpreted, Vv=VM code, C=native code)
V  [jvm.dll+0x6c63b9]
V  [jvm.dll+0x84fa11]
V  [jvm.dll+0x851f3e]
V  [jvm.dll+0x852613]
V  [jvm.dll+0x27cd46]
V  [jvm.dll+0x6c2b55]
V  [jvm.dll+0x6b76da]
V  [jvm.dll+0x35051a]
V  [jvm.dll+0x358176]
V  [jvm.dll+0x3aa84e]
V  [jvm.dll+0x3aaaf8]
V  [jvm.dll+0x32491c]
V  [jvm.dll+0x32547b]
V  [jvm.dll+0x818f69]
V  [jvm.dll+0x3b7771]
V  [jvm.dll+0x802358]
V  [jvm.dll+0x44c7ce]
V  [jvm.dll+0x44e2a1]
C  [jli.dll+0x52a3]
C  [ucrtbase.dll+0x29333]
C  [KERNEL32.DLL+0x1259d]
C  [ntdll.dll+0x5af38]


---------------  P R O C E S S  ---------------

Threads class SMR info:
_java_thread_list=0x00007ffb99311b88, length=0, elements={
}

Java Threads: ( => current thread )
Total: 0

Other Threads:
  0x00000197a92e0550 WorkerThread "GC Thread#0"                     [id=27320, stack(0x00000005b6b00000,0x00000005b6c00000) (1024K)]
  0x00000197a92ed070 ConcurrentGCThread "G1 Main Marker"            [id=24684, stack(0x00000005b6c00000,0x00000005b6d00000) (1024K)]
  0x00000197a92ee320 WorkerThread "G1 Conc#0"                       [id=10156, stack(0x00000005b6d00000,0x00000005b6e00000) (1024K)]

[error occurred during error reporting (printing all threads), id 0xc0000005, EXCEPTION_ACCESS_VIOLATION (0xc0000005) at pc=0x00007ffb98a87077]
VM state: not at safepoint (not fully initialized)

VM Mutex/Monitor currently owned by a thread:  ([mutex/lock_event])
[0x00007ffb99382ea8] Heap_lock - owner thread: 0x00000197a70ddb70

Heap address: 0x000000068cc00000, size: 5940 MB, Compressed Oops mode: Zero based, Oop shift amount: 3

CDS archive(s) mapped at: [0x0000000000000000-0x0000000000000000-0x0000000000000000), size 0, SharedBaseAddress: 0x0000000800000000, ArchiveRelocationMode: 1.
Narrow klass base: 0x0000000000000000, Narrow klass shift: 0, Narrow klass range: 0x0

GC Precious Log:
 CardTable entry size: 512
 Card Set container configuration: InlinePtr #cards 4 size 8 Array Of Cards #cards 32 size 80 Howl #buckets 8 coarsen threshold 7372 Howl Bitmap #cards 1024 size 144 coarsen threshold 921 Card regions per heap region 1 cards per card region 8192

Heap:
 garbage-first heap   total 0K, used 0K [0x000000068cc00000, 0x0000000800000000)
  region size 4096K, 0 young (0K), 0 survivors (0K)

[error occurred during error reporting (printing heap information), id 0xc0000005, EXCEPTION_ACCESS_VIOLATION (0xc0000005) at pc=0x00007ffb98e6e669]
GC Heap History (0 events):
No events

Dll operation events (1 events):
Event: 0.008 Loaded shared library C:\Program Files\Java\jdk-21\bin\java.dll

Deoptimization events (0 events):
No events

Classes loaded (0 events):
No events

Classes unloaded (0 events):
No events

Classes redefined (0 events):
No events

Internal exceptions (0 events):
No events

ZGC Phase Switch (0 events):
No events

VM Operations (0 events):
No events

Events (0 events):
No events


Dynamic libraries:
0x00007ff7e43b0000 - 0x00007ff7e43c0000 	C:\Program Files\Java\jdk-21\bin\javaw.exe
0x00007ffc4f890000 - 0x00007ffc4faa7000 	C:\Windows\SYSTEM32\ntdll.dll
0x00007ffc4eaa0000 - 0x00007ffc4eb64000 	C:\Windows\System32\KERNEL32.DLL
0x00007ffc4d1a0000 - 0x00007ffc4d55a000 	C:\Windows\System32\KERNELBASE.dll
0x00007ffc47fa0000 - 0x00007ffc48037000 	C:\Windows\SYSTEM32\apphelp.dll
0x00007ffc4cc00000 - 0x00007ffc4cd11000 	C:\Windows\System32\ucrtbase.dll
0x00007ffc36c80000 - 0x00007ffc36c99000 	C:\Program Files\Java\jdk-21\bin\jli.dll
0x00007ffc36d20000 - 0x00007ffc36d3b000 	C:\Program Files\Java\jdk-21\bin\VCRUNTIME140.dll
0x00007ffc4e4d0000 - 0x00007ffc4e582000 	C:\Windows\System32\ADVAPI32.dll
0x00007ffc4ec80000 - 0x00007ffc4ed27000 	C:\Windows\System32\msvcrt.dll
0x00007ffc4f6c0000 - 0x00007ffc4f767000 	C:\Windows\System32\sechost.dll
0x00007ffc4d170000 - 0x00007ffc4d198000 	C:\Windows\System32\bcrypt.dll
0x00007ffc4e710000 - 0x00007ffc4e824000 	C:\Windows\System32\RPCRT4.dll
0x00007ffc4ed30000 - 0x00007ffc4eede000 	C:\Windows\System32\USER32.dll
0x00007ffc4d560000 - 0x00007ffc4d586000 	C:\Windows\System32\win32u.dll
0x00007ffc4e5e0000 - 0x00007ffc4e609000 	C:\Windows\System32\GDI32.dll
0x00007ffc4cd20000 - 0x00007ffc4ce3b000 	C:\Windows\System32\gdi32full.dll
0x00007ffc39090000 - 0x00007ffc39322000 	C:\Windows\WinSxS\amd64_microsoft.windows.common-controls_6595b64144ccf1df_6.0.22621.4541_none_2710d1c57384c085\COMCTL32.dll
0x00007ffc4cb60000 - 0x00007ffc4cbfa000 	C:\Windows\System32\msvcp_win.dll
0x00007ffc438c0000 - 0x00007ffc438ca000 	C:\Windows\SYSTEM32\VERSION.dll
0x00007ffc4ea50000 - 0x00007ffc4ea81000 	C:\Windows\System32\IMM32.DLL
0x00007ffc40870000 - 0x00007ffc4087c000 	C:\Program Files\Java\jdk-21\bin\vcruntime140_1.dll
0x00007ffc35500000 - 0x00007ffc3558e000 	C:\Program Files\Java\jdk-21\bin\msvcp140.dll
0x00007ffb98750000 - 0x00007ffb9945d000 	C:\Program Files\Java\jdk-21\bin\server\jvm.dll
0x00007ffc4f640000 - 0x00007ffc4f6b1000 	C:\Windows\System32\WS2_32.dll
0x00007ffc4b9c0000 - 0x00007ffc4ba0d000 	C:\Windows\SYSTEM32\POWRPROF.dll
0x00007ffc45b90000 - 0x00007ffc45bc4000 	C:\Windows\SYSTEM32\WINMM.dll
0x00007ffc4b9a0000 - 0x00007ffc4b9b3000 	C:\Windows\SYSTEM32\UMPDC.dll
0x00007ffc4bc60000 - 0x00007ffc4bc78000 	C:\Windows\SYSTEM32\kernel.appcore.dll
0x00007ffc3fe70000 - 0x00007ffc3fe7a000 	C:\Program Files\Java\jdk-21\bin\jimage.dll
0x00007ffc4a060000 - 0x00007ffc4a292000 	C:\Windows\SYSTEM32\DBGHELP.DLL
0x00007ffc4ef70000 - 0x00007ffc4f2ff000 	C:\Windows\System32\combase.dll
0x00007ffc4f770000 - 0x00007ffc4f847000 	C:\Windows\System32\OLEAUT32.dll
0x00007ffc42a80000 - 0x00007ffc42ab2000 	C:\Windows\SYSTEM32\dbgcore.DLL
0x00007ffc4d0f0000 - 0x00007ffc4d16b000 	C:\Windows\System32\bcryptPrimitives.dll
0x00007ffc3ef80000 - 0x00007ffc3ef9f000 	C:\Program Files\Java\jdk-21\bin\java.dll

dbghelp: loaded successfully - version: 4.0.5 - missing functions: none
symbol engine: initialized successfully - sym options: 0x614 - pdb path: .;C:\Program Files\Java\jdk-21\bin;C:\Windows\SYSTEM32;C:\Windows\WinSxS\amd64_microsoft.windows.common-controls_6595b64144ccf1df_6.0.22621.4541_none_2710d1c57384c085;C:\Program Files\Java\jdk-21\bin\server

VM Arguments:
jvm_args: -Dfile.encoding=UTF-8 -Dstdout.encoding=UTF-8 -Dstderr.encoding=UTF-8 --module-path=C:\Users\Lenovo\eclipse-workspace\LearnSamSung\bin -XX:+ShowCodeDetailsInExceptionMessages -Djdk.module.main=LearnSamSung 
java_command: LearnSamSung/src.Ex1
java_class_path (initial): <not set>
Launcher Type: SUN_STANDARD

[Global flags]
     intx CICompilerCount                          = 12                                        {product} {ergonomic}
     uint ConcGCThreads                            = 3                                         {product} {ergonomic}
     uint G1ConcRefinementThreads                  = 13                                        {product} {ergonomic}
   size_t G1HeapRegionSize                         = 4194304                                   {product} {ergonomic}
    uintx GCDrainStackTargetSize                   = 64                                        {product} {ergonomic}
   size_t InitialHeapSize                          = 390070272                                 {product} {ergonomic}
   size_t MarkStackSize                            = 4194304                                   {product} {ergonomic}
   size_t MaxHeapSize                              = 6228541440                                {product} {ergonomic}
   size_t MinHeapDeltaBytes                        = 4194304                                   {product} {ergonomic}
   size_t MinHeapSize                              = 8388608                                   {product} {ergonomic}
    uintx NonNMethodCodeHeapSize                   = 7602480                                {pd product} {ergonomic}
    uintx NonProfiledCodeHeapSize                  = 122027880                              {pd product} {ergonomic}
    uintx ProfiledCodeHeapSize                     = 122027880                              {pd product} {ergonomic}
    uintx ReservedCodeCacheSize                    = 251658240                              {pd product} {ergonomic}
     bool SegmentedCodeCache                       = true                                      {product} {ergonomic}
     bool ShowCodeDetailsInExceptionMessages       = true                                   {manageable} {command line}
   size_t SoftMaxHeapSize                          = 6228541440                             {manageable} {ergonomic}
     bool UseCompressedOops                        = true                           {product lp64_product} {ergonomic}
     bool UseG1GC                                  = true                                      {product} {ergonomic}
     bool UseLargePagesIndividualAllocation        = false                                  {pd product} {ergonomic}

Logging:
Log output configuration:
 #0: stdout all=warning uptime,level,tags foldmultilines=false
 #1: stderr all=off uptime,level,tags foldmultilines=false

Environment Variables:
JAVA_HOME=C:\Program Files\Java\jdk-21
PATH=C:/Program Files/Java/jdk-21/bin/server;C:/Program Files/Java/jdk-21/bin;C:/Users/Lenovo/AppData/Local/Temp/eoiD1CE.tmp//plugins/org.eclipse.justj.openjdk.hotspot.jre.minimal.stripped.win32.x86_64_17.0.12.v20240802-1518/jre/bin/server;C:/Users/Lenovo/AppData/Local/Temp/eoiD1CE.tmp//plugins/org.eclipse.justj.openjdk.hotspot.jre.minimal.stripped.win32.x86_64_17.0.12.v20240802-1518/jre/bin;D:\Enviroment\Oracle\bin;C:\Program Files\Common Files\Oracle\Java\javapath;C:\Python312\Scripts\;C:\Python312\;C:\Windows\system32;C:\Windows;C:\Windows\System32\Wbem;C:\Windows\System32\WindowsPowerShell\v1.0\;C:\Windows\System32\OpenSSH\;C:\Program Files (x86)\NVIDIA Corporation\PhysX\Common;C:\Program Files\NVIDIA Corporation\NVIDIA NvDLISR;D:\Enviroment\Git\cmd;C:\Program Files\WireGuard\;C:\ProgramData\chocolatey\bin;C:\Users\Lenovo\AppData\Roaming\nvm;C:\Program Files\nodejs;C:\Program Files\apache-maven-3.9.9-bin\apache-maven-3.9.9\bin;C:\Program Files\Java\jdk-21\bin;;C:\Program Files\Docker\Docker\resources\bin;C:\Users\Lenovo\AppData\Local\Microsoft\WindowsApps;D:\Enviroment\IntelliJNomal\IntelliJ IDEA 2021.1.3\bin;;D:\Enviroment\WebStorm\WebStorm 2023.2\bin;;C:\Users\Lenovo\AppData\Local\Microsoft\WinGet\Packages\Schniz.fnm_Microsoft.Winget.Source_8wekyb3d8bbwe;C:\Users\Lenovo\AppData\Roaming\npm;C:\Users\Lenovo\AppData\Roaming\nvm;C:\Program Files\nodejs;C:\Users\Lenovo\Downloads;;C:\Users\Lenovo\Downloads;
USERNAME=Lenovo
OS=Windows_NT
PROCESSOR_IDENTIFIER=AMD64 Family 25 Model 116 Stepping 1, AuthenticAMD
TMP=C:\Users\Lenovo\AppData\Local\Temp
TEMP=C:\Users\Lenovo\AppData\Local\Temp




Periodic native trim disabled

---------------  S Y S T E M  ---------------

OS:
 Windows 11 , 64 bit Build 22621 (10.0.22621.4391)
OS uptime: 2 days 0:37 hours
Hyper-V role detected

CPU: total 16 (initial active 16) (16 cores per cpu, 2 threads per core) family 25 model 116 stepping 1 microcode 0x0, cx8, cmov, fxsr, ht, mmx, 3dnowpref, sse, sse2, sse3, ssse3, sse4a, sse4.1, sse4.2, popcnt, lzcnt, tsc, tscinvbit, avx, avx2, aes, erms, clmul, bmi1, bmi2, adx, avx512f, avx512dq, avx512cd, avx512bw, avx512vl, sha, fma, vzeroupper, avx512_vpopcntdq, avx512_vpclmulqdq, avx512_vaes, avx512_vnni, clflush, clflushopt, avx512_vbmi2, avx512_vbmi, hv, rdtscp, rdpid, fsrm, gfni, avx512_bitalg, f16c, cet_ss, avx512_ifma
Processor Information for processor 0
  Max Mhz: 3801, Current Mhz: 2516, Mhz Limit: 3801
Processor Information for processor 1
  Max Mhz: 3801, Current Mhz: 2516, Mhz Limit: 3801
Processor Information for processor 2
  Max Mhz: 3801, Current Mhz: 2516, Mhz Limit: 3801
Processor Information for processor 3
  Max Mhz: 3801, Current Mhz: 3801, Mhz Limit: 3801
Processor Information for processor 4
  Max Mhz: 3801, Current Mhz: 3801, Mhz Limit: 3801
Processor Information for processor 5
  Max Mhz: 3801, Current Mhz: 2516, Mhz Limit: 3801
Processor Information for processor 6
  Max Mhz: 3801, Current Mhz: 2516, Mhz Limit: 3801
Processor Information for processor 7
  Max Mhz: 3801, Current Mhz: 2516, Mhz Limit: 3801
Processor Information for processor 8
  Max Mhz: 3801, Current Mhz: 2516, Mhz Limit: 3801
Processor Information for processor 9
  Max Mhz: 3801, Current Mhz: 2516, Mhz Limit: 3801
Processor Information for processor 10
  Max Mhz: 3801, Current Mhz: 3801, Mhz Limit: 3801
Processor Information for processor 11
  Max Mhz: 3801, Current Mhz: 2516, Mhz Limit: 3801
Processor Information for processor 12
  Max Mhz: 3801, Current Mhz: 3801, Mhz Limit: 3801
Processor Information for processor 13
  Max Mhz: 3801, Current Mhz: 2516, Mhz Limit: 3801
Processor Information for processor 14
  Max Mhz: 3801, Current Mhz: 3801, Mhz Limit: 3801
Processor Information for processor 15
  Max Mhz: 3801, Current Mhz: 2516, Mhz Limit: 3801

Memory: 4k page, system-wide physical 23746M (10970M free)
TotalPageFile size 31887M (AvailPageFile size 108M)
current process WorkingSet (physical memory assigned to process): 12M, peak: 12M
current process commit charge ("private bytes"): 70M, peak: 442M

vm_info: Java HotSpot(TM) 64-Bit Server VM (21.0.3+7-LTS-152) for windows-amd64 JRE (21.0.3+7-LTS-152), built on 2024-03-11T17:42:26Z by "mach5one" with MS VC++ 17.6 (VS2022)

END.
